0 info it worked if it ends with ok
1 verbose cli [ '/usr/local/bin/node', '/usr/local/bin/npm', 'publish' ]
2 info using npm@3.10.5
3 info using node@v4.4.7
4 verbose publish [ '.' ]
5 silly cache add args [ '.', null ]
6 verbose cache add spec .
7 silly cache add parsed spec Result {
7 silly cache add   raw: '.',
7 silly cache add   scope: null,
7 silly cache add   escapedName: null,
7 silly cache add   name: null,
7 silly cache add   rawSpec: '.',
7 silly cache add   spec: '/Users/wusiquan/github/neks-tick',
7 silly cache add   type: 'directory' }
8 verbose addLocalDirectory /Users/wusiquan/.npm/neks-tick/0.2.2/package.tgz not in flight; packing
9 verbose correctMkdir /Users/wusiquan/.npm correctMkdir not in flight; initializing
10 info lifecycle neks-tick@0.2.2~prepublish: neks-tick@0.2.2
11 silly lifecycle neks-tick@0.2.2~prepublish: no script for prepublish, continuing
12 verbose tar pack [ '/Users/wusiquan/.npm/neks-tick/0.2.2/package.tgz',
12 verbose tar pack   '/Users/wusiquan/github/neks-tick' ]
13 verbose tarball /Users/wusiquan/.npm/neks-tick/0.2.2/package.tgz
14 verbose folder /Users/wusiquan/github/neks-tick
15 verbose addLocalTarball adding from inside cache /Users/wusiquan/.npm/neks-tick/0.2.2/package.tgz
16 verbose correctMkdir /Users/wusiquan/.npm correctMkdir not in flight; initializing
17 silly cache afterAdd neks-tick@0.2.2
18 verbose afterAdd /Users/wusiquan/.npm/neks-tick/0.2.2/package/package.json not in flight; writing
19 verbose correctMkdir /Users/wusiquan/.npm correctMkdir not in flight; initializing
20 verbose afterAdd /Users/wusiquan/.npm/neks-tick/0.2.2/package/package.json written
21 silly publish { name: 'neks-tick',
21 silly publish   version: '0.2.2',
21 silly publish   description: 'nextTick polyfiil for node.js and the browser environment',
21 silly publish   main: 'dist/next-tick.js',
21 silly publish   directories: { test: 'test' },
21 silly publish   scripts:
21 silly publish    { build: 'NODE_ENV=production webpack --progress --hide-modules',
21 silly publish      test: 'karma start' },
21 silly publish   keywords: [ 'nextTcik', 'process.nextTick' ],
21 silly publish   author: { name: 'wsqviva' },
21 silly publish   license: 'MIT',
21 silly publish   devDependencies:
21 silly publish    { chai: '^3.5.0',
21 silly publish      'codecov.io': '^0.1.6',
21 silly publish      eslint: '^2.13.1',
21 silly publish      'eslint-config-standard': '^5.3.1',
21 silly publish      'eslint-loader': '^1.3.0',
21 silly publish      'eslint-plugin-promise': '^1.3.2',
21 silly publish      'eslint-plugin-standard': '^1.3.2',
21 silly publish      karma: '^0.13.22',
21 silly publish      'karma-chai': '^0.1.0',
21 silly publish      'karma-chrome-launcher': '^1.0.1',
21 silly publish      'karma-commonjs': '^1.0.0',
21 silly publish      'karma-coverage': '^1.0.0',
21 silly publish      'karma-firefox-launcher': '^1.0.0',
21 silly publish      'karma-mocha': '^1.0.1',
21 silly publish      'karma-mocha-reporter': '^2.0.4',
21 silly publish      'karma-phantomjs-launcher': '^1.0.1',
21 silly publish      'karma-safari-launcher': '^1.0.0',
21 silly publish      mocha: '^2.5.3',
21 silly publish      'phantomjs-prebuilt': '^2.1.7',
21 silly publish      webpack: '^1.13.1',
21 silly publish      'webpack-dev-server': '^1.14.1' },
21 silly publish   readme: '[![Build Status](https://travis-ci.org/wsqviva/neks-tick.png)](https://travis-ci.org/wsqviva/neks-tick)\n[![codecov](https://codecov.io/gh/wsqviva/neks-tick/branch/master/graph/badge.svg)](https://codecov.io/gh/wsqviva/neks-tick)\n[![npmversion](https://img.shields.io/npm/v/neks-tick.svg)](https://www.npmjs.com/package/neks-tick)\n[![liscense](https://img.shields.io/npm/l/neks-tick.svg)](https://www.npmjs.com/package/neks-tick)\n\n## Install\n\n`npm install neks-tick --save`\n\n## Usage\n\n```js\nvar nextTick = require(\'neks-tick\');\n\nnextTick(function() {\n  // log 2 after log 1\n  console.log(2);\n});\n\n// fisrt log 1\nconsole.log(1);\n```\n\n## License\n\nMIT\n',
21 silly publish   readmeFilename: 'README.md',
21 silly publish   gitHead: '771b17264fcff096e5da7bae3fd2fc2425a43120',
21 silly publish   _id: 'neks-tick@0.2.2',
21 silly publish   _shasum: '250991d34b7364e4ec4629eb42adde4f63bb7375',
21 silly publish   _from: '.' }
22 verbose getPublishConfig undefined
23 silly mapToRegistry name neks-tick
24 silly mapToRegistry using default registry
25 silly mapToRegistry registry https://registry.npmjs.org/
26 silly mapToRegistry data Result {
26 silly mapToRegistry   raw: 'neks-tick',
26 silly mapToRegistry   scope: null,
26 silly mapToRegistry   escapedName: 'neks-tick',
26 silly mapToRegistry   name: 'neks-tick',
26 silly mapToRegistry   rawSpec: '',
26 silly mapToRegistry   spec: 'latest',
26 silly mapToRegistry   type: 'tag' }
27 silly mapToRegistry uri https://registry.npmjs.org/neks-tick
28 verbose publish registryBase https://registry.npmjs.org/
29 silly publish uploading /Users/wusiquan/.npm/neks-tick/0.2.2/package.tgz
30 verbose request uri https://registry.npmjs.org/neks-tick
31 verbose request sending authorization for write operation
32 info attempt registry request try #1 at 13:57:35
33 verbose request using bearer token for auth
34 verbose request id cc7ea2ed93149155
35 http request PUT https://registry.npmjs.org/neks-tick
36 http 403 https://registry.npmjs.org/neks-tick
37 verbose headers { 'content-type': 'application/json',
37 verbose headers   'cache-control': 'max-age=300',
37 verbose headers   'content-length': '95',
37 verbose headers   'accept-ranges': 'bytes',
37 verbose headers   date: 'Wed, 24 Aug 2016 05:57:39 GMT',
37 verbose headers   via: '1.1 varnish',
37 verbose headers   connection: 'keep-alive',
37 verbose headers   'x-served-by': 'cache-hkg6821-HKG',
37 verbose headers   'x-cache': 'MISS',
37 verbose headers   'x-cache-hits': '0',
37 verbose headers   'x-timer': 'S1472018258.633077,VS0,VE840',
37 verbose headers   vary: 'Accept-Encoding' }
38 verbose request invalidating /Users/wusiquan/.npm/registry.npmjs.org/neks-tick on PUT
39 error publish Failed PUT 403
40 verbose stack Error: "You cannot publish over the previously published version 0.2.2." : neks-tick
40 verbose stack     at makeError (/usr/local/lib/node_modules/npm/node_modules/npm-registry-client/lib/request.js:264:12)
40 verbose stack     at CachingRegistryClient.<anonymous> (/usr/local/lib/node_modules/npm/node_modules/npm-registry-client/lib/request.js:252:14)
40 verbose stack     at Request._callback (/usr/local/lib/node_modules/npm/node_modules/npm-registry-client/lib/request.js:172:14)
40 verbose stack     at Request.self.callback (/usr/local/lib/node_modules/npm/node_modules/request/request.js:200:22)
40 verbose stack     at emitTwo (events.js:87:13)
40 verbose stack     at Request.emit (events.js:172:7)
40 verbose stack     at Request.<anonymous> (/usr/local/lib/node_modules/npm/node_modules/request/request.js:1067:10)
40 verbose stack     at emitOne (events.js:82:20)
40 verbose stack     at Request.emit (events.js:169:7)
40 verbose stack     at IncomingMessage.<anonymous> (/usr/local/lib/node_modules/npm/node_modules/request/request.js:988:12)
41 verbose statusCode 403
42 verbose pkgid neks-tick
43 verbose cwd /Users/wusiquan/github/neks-tick
44 error Darwin 15.4.0
45 error argv "/usr/local/bin/node" "/usr/local/bin/npm" "publish"
46 error node v4.4.7
47 error npm  v3.10.5
48 error code E403
49 error "You cannot publish over the previously published version 0.2.2." : neks-tick
50 error If you need help, you may report this error at:
50 error     <https://github.com/npm/npm/issues>
51 verbose exit [ 1, true ]
